2023-05-05 11:13:39,160 INFO HomePage {main} Testing LOgger>>>>>>>>>>>>>>>>>>>>>>>>>>>>>>>>>>>>>>>>>>>>>>>>>>>>>>>>
2023-05-05 11:15:42,984 INFO HomePage {main} Testing LOgger>>>>>>>>>>>>>>>>>>>>>>>>>>>>>>>>>>>>>>>>>>>>>>>>>>>>>>>>
2023-05-05 11:17:30,767 INFO HomePage {main} >>>>>>>>>>>>>>>>>>>>>>TESTING LOGGER>>>>>>>>>>>>>>>>>>>>>>>>>>>>>>>>>>>>>>>>>>>>>>>>>>>>>>>>
2023-05-05 17:17:37,831 INFO Info {main} <<<<<<<<<<<<<<<<<<<Executing Test>>>>>>>>>>>>>>>>>>>>>>>>>
2023-05-05 17:17:37,887 INFO Info {main} Methods to perform actions on home page is executing..........
2023-05-05 17:17:39,008 INFO Info {main} <<<<<<<<<<<<Methodsto perform actions on home page executed>>>>>>>>>>>>>>>
2023-05-05 17:17:40,028 INFO Info {main} Methods to perform actions on the web Elements is executing..........
2023-05-05 17:17:42,458 INFO Info {main} <<<<<<<<<<<<<Methods performed on Login page executed>>>>>>>>>>>>
2023-05-05 17:17:45,399 INFO Info {main} Methods to perform actions on my Appointment page is executing........
2023-05-05 17:17:54,021 INFO Info {main} <<<<<<<<<<<Methods performed on the appointment page executed>>>>>>>>>>>
2023-05-06 09:50:45,931 INFO Info {main} <<<<<<<<<<<<<<<<<<<Executing Test>>>>>>>>>>>>>>>>>>>>>>>>>
2023-05-06 09:50:46,097 INFO Info {main} Methods to perform actions on home page is executing..........
2023-05-06 09:50:47,404 INFO Info {main} <<<<<<<<<<<<Methodsto perform actions on home page executed>>>>>>>>>>>>>>>
2023-05-06 09:50:48,421 INFO Info {main} Methods to perform actions on the Login page is executing...........
2023-05-06 09:50:54,705 INFO Info {main} <<<<<<<<<<<<<Methods performed on Login page executed>>>>>>>>>>>>
2023-05-06 09:50:55,231 INFO Info {main} Methods to perform actions on my Appointment page is executing........
2023-05-06 09:51:05,708 INFO Info {main} <<<<<<<<<<<Methods performed on the appointment page executed>>>>>>>>>>>
2023-05-08 09:27:55,285 INFO Info {main} <<<<<<<<<<<<<<<<<<<Executing Test>>>>>>>>>>>>>>>>>>>>>>>>>
2023-05-08 09:27:55,438 INFO Info {main} Methods to perform actions on home page is executing..........
2023-05-08 09:27:56,684 INFO Info {main} <<<<<<<<<<<<Methodsto perform actions on home page executed>>>>>>>>>>>>>>>
2023-05-08 09:27:56,684 WARN Info {main} This is a warning
2023-05-08 09:27:56,687 ERROR Info {main} This is an error message
2023-05-08 09:27:56,689 FATAL Info {main} This is a fatal message
2023-05-08 09:27:57,706 INFO Info {main} Methods to perform actions on the Login page is executing...........
2023-05-08 09:28:04,601 INFO Info {main} <<<<<<<<<<<<<Methods performed on Login page executed>>>>>>>>>>>>
2023-05-08 09:28:05,130 INFO Info {main} Methods to perform actions on my Appointment page is executing........
2023-05-08 09:28:16,554 INFO Info {main} <<<<<<<<<<<Methods performed on the appointment page executed>>>>>>>>>>>
2023-05-08 09:32:20,492 INFO Info {main} <<<<<<<<<<<<<<<<<<<Executing Test>>>>>>>>>>>>>>>>>>>>>>>>>
2023-05-08 09:32:20,743 INFO Info {main} Methods to perform actions on home page is executing..........
2023-05-08 09:32:22,800 INFO Info {main} <<<<<<<<<<<<Methodsto perform actions on home page executed>>>>>>>>>>>>>>>
2023-05-08 09:32:22,801 WARN Info {main} This is a warning
2023-05-08 09:32:22,802 ERROR Info {main} This is an error message
2023-05-08 09:32:22,802 FATAL Info {main} This is a fatal message
2023-05-08 09:32:23,894 INFO Info {main} Methods to perform actions on the Login page is executing...........
2023-05-08 09:32:29,883 INFO Info {main} <<<<<<<<<<<<<Methods performed on Login page executed>>>>>>>>>>>>
2023-05-08 09:32:30,405 INFO Info {main} Methods to perform actions on my Appointment page is executing........
2023-05-08 09:32:41,852 INFO Info {main} <<<<<<<<<<<Methods performed on the appointment page executed>>>>>>>>>>>

2023-05-08 10:01:47,069 INFO Info {main} <<<<<<<<<<<<<<<<<<<Executing Test>>>>>>>>>>>>>>>>>>>>>>>>>
2023-05-08 10:01:47,383 INFO Info {main} Methods to perform actions on home page is executing..........
2023-05-08 10:01:51,957 INFO Info {main} <<<<<<<<<<<<Methods to perform actions on home page executed>>>>>>>>>>>>>>>
2023-05-08 10:01:51,958 WARN Info {main} This is a warning!!!
2023-05-08 10:01:51,960 ERROR Info {main} This is an error message!!!
2023-05-08 10:01:51,961 FATAL Info {main} This is a fatal message!!!
2023-05-08 10:01:53,009 INFO Info {main} Methods to perform actions on the Login page is executing...........
2023-05-08 10:02:00,447 INFO Info {main} <<<<<<<<<<<<<Methods performed on Login page executed>>>>>>>>>>>>
2023-05-08 10:02:00,992 INFO Info {main} Methods to perform actions on my Appointment page is executing........
2023-05-08 10:02:12,297 INFO Info {main} <<<<<<<<<<<Methods performed on the appointment page executed>>>>>>>>>>>
2023-05-08 10:04:27,988 INFO Info {main} <<<<<<<<<<<<<<<<<<<Executing Test>>>>>>>>>>>>>>>>>>>>>>>>>
2023-05-08 10:04:28,540 INFO Info {main} Menu button clicked
2023-05-08 10:04:28,541 INFO Info {main} Methods to perform actions on home page is executing..........
2023-05-08 10:04:31,049 INFO Info {main} <<<<<<<<<<<<Methods to perform actions on home page executed>>>>>>>>>>>>>>>
2023-05-08 10:04:31,051 WARN Info {main} This is a warning!!!
2023-05-08 10:04:31,051 ERROR Info {main} This is an error message!!!
2023-05-08 10:04:31,052 FATAL Info {main} This is a fatal message!!!
2023-05-08 10:04:32,062 INFO Info {main} Methods to perform actions on the Login page is executing...........
2023-05-08 10:04:38,224 INFO Info {main} <<<<<<<<<<<<<Methods performed on Login page executed>>>>>>>>>>>>
2023-05-08 10:04:38,730 INFO Info {main} Methods to perform actions on my Appointment page is executing........
2023-05-08 10:04:50,531 INFO Info {main} <<<<<<<<<<<Methods performed on the appointment page executed>>>>>>>>>>>
2023-05-22 09:34:22,260 INFO Info {main} <<<<<<<<<<<<<<<<<<<Executing Test>>>>>>>>>>>>>>>>>>>>>>>>>
2023-05-22 09:34:22,620 INFO Info {main} Menu button clicked
2023-05-22 09:34:22,620 INFO Info {main} Methods to perform actions on home page is executing..........
2023-05-22 09:34:24,775 INFO Info {main} <<<<<<<<<<<<Methods to perform actions on home page executed>>>>>>>>>>>>>>>
2023-05-22 09:34:24,776 WARN Info {main} This is a warning!!!
2023-05-22 09:34:24,776 ERROR Info {main} This is an error message!!!
2023-05-22 09:34:24,777 FATAL Info {main} This is a fatal message!!!
2023-05-22 09:34:27,029 INFO Info {main} Methods to perform actions on the Login page is executing...........
2023-05-22 09:34:32,658 INFO Info {main} <<<<<<<<<<<<<Methods performed on Login page executed>>>>>>>>>>>>
2023-05-22 09:34:33,210 INFO Info {main} Methods to perform actions on my Appointment page is executing........
2023-05-22 09:34:43,319 INFO Info {main} <<<<<<<<<<<Methods performed on the appointment page executed>>>>>>>>>>>
2023-05-22 09:43:03,205 INFO Info {main} <<<<<<<<<<<<<<<<<<<Executing Test>>>>>>>>>>>>>>>>>>>>>>>>>
2023-05-22 09:43:03,577 INFO Info {main} Menu button clicked
2023-05-22 09:43:03,578 INFO Info {main} Methods to perform actions on home page is executing..........
2023-05-22 09:43:04,615 INFO Info {main} <<<<<<<<<<<<Methods to perform actions on home page executed>>>>>>>>>>>>>>>
2023-05-22 09:43:04,616 WARN Info {main} This is a warning!!!
2023-05-22 09:43:04,616 ERROR Info {main} This is an error message!!!
2023-05-22 09:43:04,617 FATAL Info {main} This is a fatal message!!!
2023-05-22 09:43:05,638 INFO Info {main} Methods to perform actions on the Login page is executing...........
2023-05-22 09:43:10,258 INFO Info {main} <<<<<<<<<<<<<Methods performed on Login page executed>>>>>>>>>>>>
2023-05-22 09:43:10,777 INFO Info {main} Methods to perform actions on my Appointment page is executing........
2023-05-22 09:43:19,487 INFO Info {main} <<<<<<<<<<<Methods performed on the appointment page executed>>>>>>>>>>>
2023-05-22 10:13:32,399 INFO Info {main} <<<<<<<<<<<<<<<<<<<Executing Test>>>>>>>>>>>>>>>>>>>>>>>>>
2023-05-22 10:13:32,437 INFO Info {main} Methods to perform actions on home page is executing..........
2023-05-22 10:13:33,583 INFO Info {main} <<<<<<<<<<<<Methods to perform actions on home page executed>>>>>>>>>>>>>>>
2023-05-22 10:13:34,181 INFO Info {main} Methods to perform actions on the Login page is executing...........
2023-05-22 10:13:34,344 INFO Info {main} Valid username entered.
2023-05-22 10:13:35,573 INFO Info {main} Valid password entered
2023-05-22 10:13:37,370 INFO Info {main} <<<<<<<<<<<<<Methods performed on Login page executed>>>>>>>>>>>>
2023-05-22 10:13:37,887 INFO Info {main} Methods to perform actions on my Appointment page is executing........
2023-05-22 10:13:46,151 INFO Info {main} <<<<<<<<<<<Methods performed on the appointment page executed>>>>>>>>>>>
2023-05-22 10:17:41,592 INFO Info {main} <<<<<<<<<<<<<<<<<<<Executing Test>>>>>>>>>>>>>>>>>>>>>>>>>
2023-05-22 10:17:41,630 INFO Info {main} Methods to perform actions on home page is executing..........
2023-05-22 10:17:42,748 INFO Info {main} <<<<<<<<<<<<Methods to perform actions on home page executed>>>>>>>>>>>>>>>
2023-05-22 10:17:43,317 INFO Info {main} Methods to perform actions on the Login page is executing...........
2023-05-22 10:17:43,502 INFO Info {main} Valid username entered.
2023-05-22 10:17:44,707 INFO Info {main} Valid password entered
2023-05-22 10:17:46,455 INFO Info {main} <<<<<<<<<<<<<Methods performed on Login page executed>>>>>>>>>>>>
2023-05-22 10:17:46,972 INFO Info {main} Methods to perform actions on my Appointment page is executing........
2023-05-22 10:17:55,126 INFO Info {main} <<<<<<<<<<<Methods performed on the appointment page executed>>>>>>>>>>>
2023-05-22 10:19:43,244 INFO Info {main} <<<<<<<<<<<<<<<<<<<Executing Test>>>>>>>>>>>>>>>>>>>>>>>>>
2023-05-22 10:19:43,284 INFO Info {main} Methods to perform actions on home page is executing..........
2023-05-22 10:19:44,423 INFO Info {main} <<<<<<<<<<<<Methods to perform actions on home page executed>>>>>>>>>>>>>>>
2023-05-22 10:19:44,974 INFO Info {main} Methods to perform actions on the Login page is executing...........
2023-05-22 10:19:45,351 INFO Info {main} Valid username entered.
2023-05-22 10:19:46,591 INFO Info {main} Valid password entered
2023-05-22 10:19:48,289 INFO Info {main} <<<<<<<<<<<<<Methods performed on Login page executed>>>>>>>>>>>>
2023-05-22 10:19:48,805 INFO Info {main} Methods to perform actions on my Appointment page is executing........
2023-05-22 10:19:56,906 INFO Info {main} <<<<<<<<<<<Methods performed on the appointment page executed>>>>>>>>>>>
2023-05-22 10:24:52,569 INFO Info {main} <<<<<<<<<<<<<<<<<<<Executing Test>>>>>>>>>>>>>>>>>>>>>>>>>
2023-05-22 10:24:52,667 INFO Info {main} Methods to perform actions on home page is executing..........
2023-05-22 10:24:53,880 INFO Info {main} <<<<<<<<<<<<Methods to perform actions on home page executed>>>>>>>>>>>>>>>
2023-05-22 10:24:54,496 INFO Info {main} Methods to perform actions on the Login page is executing...........
2023-05-22 10:24:54,677 INFO Info {main} Valid username entered.
2023-05-22 10:24:55,852 INFO Info {main} Valid password entered
2023-05-22 10:24:57,596 INFO Info {main} <<<<<<<<<<<<<Methods performed on Login page executed>>>>>>>>>>>>
2023-05-22 10:24:58,121 INFO Info {main} Methods to perform actions on my Appointment page is executing........
2023-05-22 10:25:06,312 INFO Info {main} <<<<<<<<<<<Methods performed on the appointment page executed>>>>>>>>>>>
2023-05-22 10:27:21,423 INFO Info {main} <<<<<<<<<<<<<<<<<<<Executing Test>>>>>>>>>>>>>>>>>>>>>>>>>
2023-05-22 10:27:21,483 INFO Info {main} Methods to perform actions on home page is executing..........
2023-05-22 10:27:22,733 INFO Info {main} <<<<<<<<<<<<Methods to perform actions on home page executed>>>>>>>>>>>>>>>
2023-05-22 10:27:23,254 INFO Info {main} Methods to perform actions on the Login page is executing...........
2023-05-22 10:27:23,439 INFO Info {main} Valid username entered.
2023-05-22 10:27:24,663 INFO Info {main} Valid password entered
2023-05-22 10:27:26,406 INFO Info {main} <<<<<<<<<<<<<Methods performed on Login page executed>>>>>>>>>>>>
2023-05-22 10:27:26,928 INFO Info {main} Methods to perform actions on my Appointment page is executing........
2023-05-22 10:27:34,876 INFO Info {main} <<<<<<<<<<<Methods performed on the appointment page executed>>>>>>>>>>>
2023-05-22 10:29:58,331 INFO Info {main} <<<<<<<<<<<<<<<<<<<Executing Test>>>>>>>>>>>>>>>>>>>>>>>>>
2023-05-22 10:29:58,376 INFO Info {main} Methods to perform actions on home page is executing..........
2023-05-22 10:29:59,520 INFO Info {main} <<<<<<<<<<<<Methods to perform actions on home page executed>>>>>>>>>>>>>>>
2023-05-22 10:30:00,058 INFO Info {main} Methods to perform actions on the Login page is executing...........
2023-05-22 10:30:00,218 INFO Info {main} Valid username entered.
2023-05-22 10:30:01,408 INFO Info {main} Valid password entered
2023-05-22 10:30:03,127 INFO Info {main} <<<<<<<<<<<<<Methods performed on Login page executed>>>>>>>>>>>>
2023-05-22 10:30:03,647 INFO Info {main} Methods to perform actions on my Appointment page is executing........
2023-05-22 10:30:11,794 INFO Info {main} <<<<<<<<<<<Methods performed on the appointment page executed>>>>>>>>>>>
2023-05-22 10:43:59,809 INFO Info {main} <<<<<<<<<<<<<<<<<<<Executing Test>>>>>>>>>>>>>>>>>>>>>>>>>
2023-05-22 10:43:59,866 INFO Info {main} Methods to perform actions on home page is executing..........
2023-05-22 10:44:01,047 INFO Info {main} <<<<<<<<<<<<Methods to perform actions on home page executed>>>>>>>>>>>>>>>
2023-05-22 10:44:01,585 INFO Info {main} Methods to perform actions on the Login page is executing...........
2023-05-22 10:44:01,822 INFO Info {main} Valid username entered.
2023-05-22 10:44:03,020 INFO Info {main} Valid password entered
2023-05-22 10:44:04,906 INFO Info {main} <<<<<<<<<<<<<Methods performed on Login page executed>>>>>>>>>>>>
2023-05-22 10:44:05,431 INFO Info {main} Methods to perform actions on my Appointment page is executing........
2023-05-22 10:46:51,373 INFO Info {main} <<<<<<<<<<<<<<<<<<<Executing Test>>>>>>>>>>>>>>>>>>>>>>>>>
2023-05-22 10:46:51,423 INFO Info {main} Methods to perform actions on home page is executing..........
2023-05-22 10:46:52,728 INFO Info {main} <<<<<<<<<<<<Methods to perform actions on home page executed>>>>>>>>>>>>>>>
2023-05-22 10:46:53,265 INFO Info {main} Methods to perform actions on the Login page is executing...........
2023-05-22 10:46:53,452 INFO Info {main} Valid username entered.
2023-05-22 10:46:54,636 INFO Info {main} Valid password entered
2023-05-22 10:46:56,400 INFO Info {main} <<<<<<<<<<<<<Methods performed on Login page executed>>>>>>>>>>>>
2023-05-22 10:46:56,910 INFO Info {main} Methods to perform actions on my Appointment page is executing........
2023-05-22 10:49:20,097 INFO Info {main} <<<<<<<<<<<<<<<<<<<Executing Test>>>>>>>>>>>>>>>>>>>>>>>>>
2023-05-22 10:49:20,142 INFO Info {main} Methods to perform actions on home page is executing..........
2023-05-22 10:49:21,608 INFO Info {main} <<<<<<<<<<<<Methods to perform actions on home page executed>>>>>>>>>>>>>>>
2023-05-22 10:49:22,143 INFO Info {main} Methods to perform actions on the Login page is executing...........
2023-05-22 10:49:22,388 INFO Info {main} Valid username entered.
2023-05-22 10:49:23,876 INFO Info {main} Valid password entered
2023-05-22 10:49:25,860 INFO Info {main} <<<<<<<<<<<<<Methods performed on Login page executed>>>>>>>>>>>>
2023-05-22 10:49:26,373 INFO Info {main} Methods to perform actions on my Appointment page is executing........
2023-05-22 10:54:05,350 INFO Info {main} <<<<<<<<<<<<<<<<<<<Executing Test>>>>>>>>>>>>>>>>>>>>>>>>>
2023-05-22 10:54:05,423 INFO Info {main} Methods to perform actions on home page is executing..........
2023-05-22 10:54:06,837 INFO Info {main} <<<<<<<<<<<<Methods to perform actions on home page executed>>>>>>>>>>>>>>>
2023-05-22 10:54:07,403 INFO Info {main} Methods to perform actions on the Login page is executing...........
2023-05-22 10:54:07,584 INFO Info {main} Valid username entered.
2023-05-22 10:54:08,942 INFO Info {main} Valid password entered
2023-05-22 10:54:10,728 INFO Info {main} <<<<<<<<<<<<<Methods performed on Login page executed>>>>>>>>>>>>
2023-05-22 10:54:11,234 INFO Info {main} Methods to perform actions on my Appointment page is executing........
2023-05-22 10:57:16,680 INFO Info {main} <<<<<<<<<<<<<<<<<<<Executing Test>>>>>>>>>>>>>>>>>>>>>>>>>
2023-05-22 10:57:16,757 INFO Info {main} Methods to perform actions on home page is executing..........
2023-05-22 10:57:18,594 INFO Info {main} <<<<<<<<<<<<Methods to perform actions on home page executed>>>>>>>>>>>>>>>
2023-05-22 10:57:19,133 INFO Info {main} Methods to perform actions on the Login page is executing...........
2023-05-22 10:57:19,285 INFO Info {main} Valid username entered.
2023-05-22 10:57:20,503 INFO Info {main} Valid password entered
2023-05-22 10:57:22,302 INFO Info {main} <<<<<<<<<<<<<Methods performed on Login page executed>>>>>>>>>>>>
2023-05-22 10:57:22,807 INFO Info {main} Methods to perform actions on my Appointment page is executing........
2023-05-22 11:03:24,883 INFO Info {main} <<<<<<<<<<<<<<<<<<<Executing Test>>>>>>>>>>>>>>>>>>>>>>>>>
2023-05-22 11:03:24,942 INFO Info {main} Methods to perform actions on home page is executing..........
2023-05-22 11:03:26,261 INFO Info {main} <<<<<<<<<<<<Methods to perform actions on home page executed>>>>>>>>>>>>>>>
2023-05-22 11:03:26,824 INFO Info {main} Methods to perform actions on the Login page is executing...........
2023-05-22 11:03:27,107 INFO Info {main} Valid username entered.
2023-05-22 11:03:28,403 INFO Info {main} Valid password entered
2023-05-22 11:03:30,337 INFO Info {main} <<<<<<<<<<<<<Methods performed on Login page executed>>>>>>>>>>>>
2023-05-22 11:03:30,851 INFO Info {main} Methods to perform actions on my Appointment page is executing........
2023-05-22 11:05:54,996 INFO Info {main} <<<<<<<<<<<<<<<<<<<Executing Test>>>>>>>>>>>>>>>>>>>>>>>>>
2023-05-22 11:05:55,049 INFO Info {main} Methods to perform actions on home page is executing..........
2023-05-22 11:05:57,101 INFO Info {main} <<<<<<<<<<<<Methods to perform actions on home page executed>>>>>>>>>>>>>>>
2023-05-22 11:05:57,638 INFO Info {main} Methods to perform actions on the Login page is executing...........
2023-05-22 11:05:57,796 INFO Info {main} Valid username entered.
2023-05-22 11:05:59,079 INFO Info {main} Valid password entered
2023-05-22 11:06:00,792 INFO Info {main} <<<<<<<<<<<<<Methods performed on Login page executed>>>>>>>>>>>>
2023-05-22 11:06:01,305 INFO Info {main} Methods to perform actions on my Appointment page is executing........
2023-05-22 11:06:11,559 INFO Info {main} <<<<<<<<<<<Methods performed on the appointment page executed>>>>>>>>>>>
2023-05-22 12:34:05,484 INFO Info {main} <<<<<<<<<<<<<<<<<<<Executing Test>>>>>>>>>>>>>>>>>>>>>>>>>
2023-05-22 12:34:05,646 INFO Info {main} Methods to perform actions on home page is executing..........
2023-05-22 12:34:07,363 INFO Info {main} <<<<<<<<<<<<Methods to perform actions on home page executed>>>>>>>>>>>>>>>
2023-05-22 12:34:07,953 INFO Info {main} Methods to perform actions on the Login page is executing...........
2023-05-22 12:34:08,351 INFO Info {main} Valid username entered.
2023-05-22 12:34:09,823 INFO Info {main} Valid password entered
2023-05-22 12:34:11,814 INFO Info {main} <<<<<<<<<<<<<Methods performed on Login page executed>>>>>>>>>>>>
2023-05-22 12:34:12,321 INFO Info {main} Methods to perform actions on my Appointment page is executing........
2023-05-22 12:34:23,539 INFO Info {main} <<<<<<<<<<<Methods performed on the appointment page executed>>>>>>>>>>>
